<?xml version="1.0" encoding="UTF-8"?>
<!-- Generated by org.testng.reporters.JUnitXMLReporter -->
<testsuite ignored="18" hostname="DESKTOP-SGESGNG" failures="0" tests="10" name="BestBuyTest" time="0.283" errors="0" timestamp="2024-10-24T14:21:55 IST">
  <testcase classname="BaseBestBuy.BaseBB" name="@BeforeMethod start" time="0.001">
    <failure type="java.lang.NullPointerException">
      <![CDATA[java.lang.NullPointerException
at java.base/java.io.FileInputStream.<init>(FileInputStream.java:149)
at java.base/java.io.FileInputStream.<init>(FileInputStream.java:111)
at java.base/java.io.FileReader.<init>(FileReader.java:60)
at utilsBestBuy.UtilityBB.readProperty(UtilityBB.java:53)
at BaseBestBuy.BaseBB.start(BaseBB.java:36)
at java.base/java.util.ArrayList.forEach(ArrayList.java:1511)
... Removed 31 stack frames]]>
    </failure>
  </testcase> <!-- @BeforeMethod start -->
  <testcase classname="BaseBestBuy.BaseBB" name="@AfterMethod close" time="-1.729759914886E9">
    <skipped/>
  </testcase> <!-- @AfterMethod close -->
  <testcase classname="BaseBestBuy.BaseBB" name="@BeforeMethod start" time="0.001">
    <failure type="java.lang.NullPointerException">
      <![CDATA[java.lang.NullPointerException
at java.base/java.io.FileInputStream.<init>(FileInputStream.java:149)
at java.base/java.io.FileInputStream.<init>(FileInputStream.java:111)
at java.base/java.io.FileReader.<init>(FileReader.java:60)
at utilsBestBuy.UtilityBB.readProperty(UtilityBB.java:53)
at BaseBestBuy.BaseBB.start(BaseBB.java:36)
at java.base/java.util.ArrayList.forEach(ArrayList.java:1511)
... Removed 31 stack frames]]>
    </failure>
  </testcase> <!-- @BeforeMethod start -->
  <testcase classname="BaseBestBuy.BaseBB" name="@AfterMethod close" time="-1.729759914973E9">
    <skipped/>
  </testcase> <!-- @AfterMethod close -->
  <testcase classname="BaseBestBuy.BaseBB" name="@BeforeMethod start" time="0.003">
    <failure type="java.lang.NullPointerException">
      <![CDATA[java.lang.NullPointerException
at java.base/java.io.FileInputStream.<init>(FileInputStream.java:149)
at java.base/java.io.FileInputStream.<init>(FileInputStream.java:111)
at java.base/java.io.FileReader.<init>(FileReader.java:60)
at utilsBestBuy.UtilityBB.readProperty(UtilityBB.java:53)
at BaseBestBuy.BaseBB.start(BaseBB.java:36)
at java.base/java.util.ArrayList.forEach(ArrayList.java:1511)
... Removed 31 stack frames]]>
    </failure>
  </testcase> <!-- @BeforeMethod start -->
  <testcase classname="BaseBestBuy.BaseBB" name="@AfterMethod close" time="-1.729759914997E9">
    <skipped/>
  </testcase> <!-- @AfterMethod close -->
  <testcase classname="BaseBestBuy.BaseBB" name="@BeforeMethod start" time="0.002">
    <failure type="java.lang.NullPointerException">
      <![CDATA[java.lang.NullPointerException
at java.base/java.io.FileInputStream.<init>(FileInputStream.java:149)
at java.base/java.io.FileInputStream.<init>(FileInputStream.java:111)
at java.base/java.io.FileReader.<init>(FileReader.java:60)
at utilsBestBuy.UtilityBB.readProperty(UtilityBB.java:53)
at BaseBestBuy.BaseBB.start(BaseBB.java:36)
at java.base/java.util.ArrayList.forEach(ArrayList.java:1511)
... Removed 31 stack frames]]>
    </failure>
  </testcase> <!-- @BeforeMethod start -->
  <testcase classname="BaseBestBuy.BaseBB" name="@AfterMethod close" time="-1.729759915016E9">
    <skipped/>
  </testcase> <!-- @AfterMethod close -->
  <testcase classname="BaseBestBuy.BaseBB" name="@BeforeMethod start" time="0.001">
    <failure type="java.lang.NullPointerException">
      <![CDATA[java.lang.NullPointerException
at java.base/java.io.FileInputStream.<init>(FileInputStream.java:149)
at java.base/java.io.FileInputStream.<init>(FileInputStream.java:111)
at java.base/java.io.FileReader.<init>(FileReader.java:60)
at utilsBestBuy.UtilityBB.readProperty(UtilityBB.java:53)
at BaseBestBuy.BaseBB.start(BaseBB.java:36)
at java.base/java.util.ArrayList.forEach(ArrayList.java:1511)
... Removed 31 stack frames]]>
    </failure>
  </testcase> <!-- @BeforeMethod start -->
  <testcase classname="BaseBestBuy.BaseBB" name="@AfterMethod close" time="-1.729759915034E9">
    <skipped/>
  </testcase> <!-- @AfterMethod close -->
  <testcase classname="BaseBestBuy.BaseBB" name="@BeforeMethod start" time="0.005">
    <failure type="java.lang.NullPointerException">
      <![CDATA[java.lang.NullPointerException
at java.base/java.io.FileInputStream.<init>(FileInputStream.java:149)
at java.base/java.io.FileInputStream.<init>(FileInputStream.java:111)
at java.base/java.io.FileReader.<init>(FileReader.java:60)
at utilsBestBuy.UtilityBB.readProperty(UtilityBB.java:53)
at BaseBestBuy.BaseBB.start(BaseBB.java:36)
at java.base/java.util.ArrayList.forEach(ArrayList.java:1511)
... Removed 31 stack frames]]>
    </failure>
  </testcase> <!-- @BeforeMethod start -->
  <testcase classname="BaseBestBuy.BaseBB" name="@AfterMethod close" time="-1.72975991508E9">
    <skipped/>
  </testcase> <!-- @AfterMethod close -->
  <testcase classname="BaseBestBuy.BaseBB" name="@BeforeMethod start" time="0.0">
    <failure type="java.lang.NullPointerException">
      <![CDATA[java.lang.NullPointerException
at java.base/java.io.FileInputStream.<init>(FileInputStream.java:149)
at java.base/java.io.FileInputStream.<init>(FileInputStream.java:111)
at java.base/java.io.FileReader.<init>(FileReader.java:60)
at utilsBestBuy.UtilityBB.readProperty(UtilityBB.java:53)
at BaseBestBuy.BaseBB.start(BaseBB.java:36)
at java.base/java.util.ArrayList.forEach(ArrayList.java:1511)
... Removed 31 stack frames]]>
    </failure>
  </testcase> <!-- @BeforeMethod start -->
  <testcase classname="BaseBestBuy.BaseBB" name="@AfterMethod close" time="-1.729759915092E9">
    <skipped/>
  </testcase> <!-- @AfterMethod close -->
  <testcase classname="Testcase.TS007_ValidateLinkInBottom" name="tc_05_validateLinkInBottomOfHomePage" time="0.0">
    <skipped/>
  </testcase> <!-- tc_05_validateLinkInBottomOfHomePage -->
  <testcase classname="Testcase.TS003_CreateAccount" name="tc_03_validateCreatAccountFunctionality" time="0.0">
    <skipped/>
  </testcase> <!-- tc_03_validateCreatAccountFunctionality -->
  <testcase classname="Testcase.TC005_CheckTitleofAllMenu" name="tc_04_CheckTitleOfAllMenu" time="0.0">
    <skipped/>
  </testcase> <!-- tc_04_CheckTitleOfAllMenu -->
  <testcase classname="Testcase.TS008_SelAdditemsShopBydept" name="tc_07_selAddItemShopByDeptMenu" time="0.0">
    <skipped/>
  </testcase> <!-- tc_07_selAddItemShopByDeptMenu -->
  <testcase classname="Testcase.TS002_ValidateUrl" name="tc_02_validateUrlIsNotBroken" time="0.0">
    <skipped/>
  </testcase> <!-- tc_02_validateUrlIsNotBroken -->
  <testcase classname="Testcase.TS010_ChekOutPagefilling" name="tc_09_CheckOutPageFilling" time="0.0">
    <skipped/>
  </testcase> <!-- tc_09_CheckOutPageFilling -->
  <testcase classname="Testcase.TS009_SelAdditemShopByBrand" name="ts009_selAddItemShopByBrand" time="0.0">
    <skipped/>
  </testcase> <!-- ts009_selAddItemShopByBrand -->
  <testcase classname="Testcase.TS001_navigatingtoBB" name="tc_01_navgatingToBestBestApp" time="0.0">
    <skipped/>
  </testcase> <!-- tc_01_navgatingToBestBestApp -->
  <testcase classname="Testcase.TS006_SearchAdditeminCart" name="tc_06_SearchAddItemInCart" time="0.0">
    <skipped/>
  </testcase> <!-- tc_06_SearchAddItemInCart -->
  <testcase classname="Testcase.TS004_SignInFunction" name="tc_03_SignInFunctionality" time="0.0">
    <skipped/>
  </testcase> <!-- tc_03_SignInFunctionality -->
  <testcase classname="BaseBestBuy.BaseBB" name="@BeforeSuite startReport" time="0.0">
    <ignored/>
  </testcase> <!-- @BeforeSuite startReport -->
  <testcase classname="BaseBestBuy.BaseBB" name="@BeforeSuite startReport" time="0.0">
    <ignored/>
  </testcase> <!-- @BeforeSuite startReport -->
  <testcase classname="BaseBestBuy.BaseBB" name="@BeforeSuite startReport" time="0.0">
    <ignored/>
  </testcase> <!-- @BeforeSuite startReport -->
  <testcase classname="BaseBestBuy.BaseBB" name="@BeforeSuite startReport" time="0.0">
    <ignored/>
  </testcase> <!-- @BeforeSuite startReport -->
  <testcase classname="BaseBestBuy.BaseBB" name="@BeforeSuite startReport" time="0.0">
    <ignored/>
  </testcase> <!-- @BeforeSuite startReport -->
  <testcase classname="BaseBestBuy.BaseBB" name="@BeforeSuite startReport" time="0.0">
    <ignored/>
  </testcase> <!-- @BeforeSuite startReport -->
  <testcase classname="BaseBestBuy.BaseBB" name="@BeforeSuite startReport" time="0.0">
    <ignored/>
  </testcase> <!-- @BeforeSuite startReport -->
  <testcase classname="BaseBestBuy.BaseBB" name="@BeforeSuite startReport" time="0.0">
    <ignored/>
  </testcase> <!-- @BeforeSuite startReport -->
  <testcase classname="BaseBestBuy.BaseBB" name="@BeforeSuite startReport" time="0.0">
    <ignored/>
  </testcase> <!-- @BeforeSuite startReport -->
  <testcase classname="BaseBestBuy.BaseBB" name="@AfterSuite endReport" time="0.0">
    <ignored/>
  </testcase> <!-- @AfterSuite endReport -->
  <testcase classname="BaseBestBuy.BaseBB" name="@AfterSuite endReport" time="0.0">
    <ignored/>
  </testcase> <!-- @AfterSuite endReport -->
  <testcase classname="BaseBestBuy.BaseBB" name="@AfterSuite endReport" time="0.0">
    <ignored/>
  </testcase> <!-- @AfterSuite endReport -->
  <testcase classname="BaseBestBuy.BaseBB" name="@AfterSuite endReport" time="0.0">
    <ignored/>
  </testcase> <!-- @AfterSuite endReport -->
  <testcase classname="BaseBestBuy.BaseBB" name="@AfterSuite endReport" time="0.0">
    <ignored/>
  </testcase> <!-- @AfterSuite endReport -->
  <testcase classname="BaseBestBuy.BaseBB" name="@AfterSuite endReport" time="0.0">
    <ignored/>
  </testcase> <!-- @AfterSuite endReport -->
  <testcase classname="BaseBestBuy.BaseBB" name="@AfterSuite endReport" time="0.0">
    <ignored/>
  </testcase> <!-- @AfterSuite endReport -->
  <testcase classname="BaseBestBuy.BaseBB" name="@AfterSuite endReport" time="0.0">
    <ignored/>
  </testcase> <!-- @AfterSuite endReport -->
  <testcase classname="BaseBestBuy.BaseBB" name="@AfterSuite endReport" time="0.0">
    <ignored/>
  </testcase> <!-- @AfterSuite endReport -->
</testsuite> <!-- BestBuyTest -->
