<?xml version="1.0" encoding="UTF-8"?>
<!-- Generated by org.testng.reporters.JUnitXMLReporter -->
<testsuite ignored="18" hostname="DESKTOP-SGESGNG" failures="0" tests="10" name="Test" time="2.352" errors="0" timestamp="2024-10-21T18:33:53 IST">
  <testcase classname="BaseBestBuy.BaseBB" name="@BeforeSuite testDetails" time="0.014">
    <failure type="java.lang.NullPointerException" message="Cannot invoke &amp;quot;com.aventstack.extentreports.ExtentReports.createTest(String, String)&amp;quot; because &amp;quot;BaseBestBuy.BaseBB.extent&amp;quot; is null">
      <![CDATA[java.lang.NullPointerException: Cannot invoke "com.aventstack.extentreports.ExtentReports.createTest(String, String)" because "BaseBestBuy.BaseBB.extent" is null
at BaseBestBuy.BaseBB.testDetails(BaseBB.java:27)
... Removed 19 stack frames]]>
    </failure>
  </testcase> <!-- @BeforeSuite testDetails -->
  <testcase classname="Testcase.TC005_CheckTitleofAllMenu" name="@BeforeTest setup" time="-1.729515831356E9">
    <skipped/>
  </testcase> <!-- @BeforeTest setup -->
  <testcase classname="Testcase.TS001_navigatingtoBB" name="@BeforeTest setup" time="-1.729515831359E9">
    <skipped/>
  </testcase> <!-- @BeforeTest setup -->
  <testcase classname="Testcase.TS002_ValidateUrl" name="@BeforeTest setup" time="-1.729515831363E9">
    <skipped/>
  </testcase> <!-- @BeforeTest setup -->
  <testcase classname="Testcase.TS003_CreateAccount" name="@BeforeTest setup" time="-1.729515831369E9">
    <skipped/>
  </testcase> <!-- @BeforeTest setup -->
  <testcase classname="Testcase.TS004_SignInFunction" name="@BeforeTest setup" time="-1.729515831372E9">
    <skipped/>
  </testcase> <!-- @BeforeTest setup -->
  <testcase classname="Testcase.TS006_SearchAdditeminCart" name="@BeforeTest setup" time="-1.729515831377E9">
    <skipped/>
  </testcase> <!-- @BeforeTest setup -->
  <testcase classname="Testcase.TS007_ValidateLinkInBottom" name="@BeforeTest setup" time="-1.729515831382E9">
    <skipped/>
  </testcase> <!-- @BeforeTest setup -->
  <testcase classname="Testcase.TS008_SelAdditemsShopBydept" name="@BeforeTest setup" time="-1.729515831387E9">
    <skipped/>
  </testcase> <!-- @BeforeTest setup -->
  <testcase classname="Testcase.TS009_SelAdditemShopByBrand" name="@BeforeTest setup" time="-1.729515831391E9">
    <skipped/>
  </testcase> <!-- @BeforeTest setup -->
  <testcase classname="Testcase.TS010_ChekOutPagefilling" name="@BeforeTest setup" time="-1.729515831393E9">
    <skipped/>
  </testcase> <!-- @BeforeTest setup -->
  <testcase classname="BaseBestBuy.BaseBB" name="@BeforeClass testDetails" time="-1.729515831438E9">
    <skipped/>
  </testcase> <!-- @BeforeClass testDetails -->
  <testcase classname="BaseBestBuy.BaseBB" name="@BeforeMethod start" time="-1.729515831458E9">
    <skipped/>
  </testcase> <!-- @BeforeMethod start -->
  <testcase classname="BaseBestBuy.BaseBB" name="@AfterMethod close" time="-1.729515831474E9">
    <skipped/>
  </testcase> <!-- @AfterMethod close -->
  <testcase classname="BaseBestBuy.BaseBB" name="@BeforeClass testDetails" time="-1.729515831482E9">
    <skipped/>
  </testcase> <!-- @BeforeClass testDetails -->
  <testcase classname="BaseBestBuy.BaseBB" name="@BeforeClass testDetails" time="-1.729515833384E9">
    <skipped/>
  </testcase> <!-- @BeforeClass testDetails -->
  <testcase classname="BaseBestBuy.BaseBB" name="@BeforeClass testDetails" time="-1.72951583349E9">
    <skipped/>
  </testcase> <!-- @BeforeClass testDetails -->
  <testcase classname="BaseBestBuy.BaseBB" name="@BeforeMethod start" time="-1.729515833492E9">
    <skipped/>
  </testcase> <!-- @BeforeMethod start -->
  <testcase classname="BaseBestBuy.BaseBB" name="@AfterMethod close" time="-1.729515833496E9">
    <skipped/>
  </testcase> <!-- @AfterMethod close -->
  <testcase classname="BaseBestBuy.BaseBB" name="@BeforeClass testDetails" time="-1.729515833497E9">
    <skipped/>
  </testcase> <!-- @BeforeClass testDetails -->
  <testcase classname="BaseBestBuy.BaseBB" name="@BeforeMethod start" time="-1.729515833498E9">
    <skipped/>
  </testcase> <!-- @BeforeMethod start -->
  <testcase classname="BaseBestBuy.BaseBB" name="@AfterMethod close" time="-1.729515833517E9">
    <skipped/>
  </testcase> <!-- @AfterMethod close -->
  <testcase classname="BaseBestBuy.BaseBB" name="@BeforeClass testDetails" time="-1.729515833525E9">
    <skipped/>
  </testcase> <!-- @BeforeClass testDetails -->
  <testcase classname="BaseBestBuy.BaseBB" name="@BeforeMethod start" time="-1.729515833528E9">
    <skipped/>
  </testcase> <!-- @BeforeMethod start -->
  <testcase classname="BaseBestBuy.BaseBB" name="@AfterMethod close" time="-1.729515833543E9">
    <skipped/>
  </testcase> <!-- @AfterMethod close -->
  <testcase classname="BaseBestBuy.BaseBB" name="@BeforeClass testDetails" time="-1.729515833546E9">
    <skipped/>
  </testcase> <!-- @BeforeClass testDetails -->
  <testcase classname="BaseBestBuy.BaseBB" name="@BeforeMethod start" time="-1.729515833547E9">
    <skipped/>
  </testcase> <!-- @BeforeMethod start -->
  <testcase classname="BaseBestBuy.BaseBB" name="@AfterMethod close" time="-1.729515833553E9">
    <skipped/>
  </testcase> <!-- @AfterMethod close -->
  <testcase classname="BaseBestBuy.BaseBB" name="@BeforeClass testDetails" time="-1.729515833556E9">
    <skipped/>
  </testcase> <!-- @BeforeClass testDetails -->
  <testcase classname="BaseBestBuy.BaseBB" name="@BeforeMethod start" time="-1.729515833559E9">
    <skipped/>
  </testcase> <!-- @BeforeMethod start -->
  <testcase classname="BaseBestBuy.BaseBB" name="@AfterMethod close" time="-1.729515833578E9">
    <skipped/>
  </testcase> <!-- @AfterMethod close -->
  <testcase classname="BaseBestBuy.BaseBB" name="@BeforeClass testDetails" time="-1.729515833579E9">
    <skipped/>
  </testcase> <!-- @BeforeClass testDetails -->
  <testcase classname="BaseBestBuy.BaseBB" name="@BeforeMethod start" time="-1.729515833581E9">
    <skipped/>
  </testcase> <!-- @BeforeMethod start -->
  <testcase classname="BaseBestBuy.BaseBB" name="@AfterMethod close" time="-1.729515833588E9">
    <skipped/>
  </testcase> <!-- @AfterMethod close -->
  <testcase classname="BaseBestBuy.BaseBB" name="@BeforeClass testDetails" time="-1.729515833591E9">
    <skipped/>
  </testcase> <!-- @BeforeClass testDetails -->
  <testcase classname="Testcase.TS007_ValidateLinkInBottom" name="tc_05_validateLinkInBottomOfHomePage" time="0.0">
    <skipped/>
  </testcase> <!-- tc_05_validateLinkInBottomOfHomePage -->
  <testcase classname="Testcase.TS003_CreateAccount" name="tc_03_validateCreatAccountFunctionality" time="0.0">
    <skipped/>
  </testcase> <!-- tc_03_validateCreatAccountFunctionality -->
  <testcase classname="Testcase.TC005_CheckTitleofAllMenu" name="tc_04_CheckTitleOfAllMenu" time="0.0">
    <skipped/>
  </testcase> <!-- tc_04_CheckTitleOfAllMenu -->
  <testcase classname="Testcase.TS008_SelAdditemsShopBydept" name="tc_07_selAddItemShopByDeptMenu" time="0.0">
    <skipped/>
  </testcase> <!-- tc_07_selAddItemShopByDeptMenu -->
  <testcase classname="Testcase.TS002_ValidateUrl" name="tc_02_validateUrlIsNotBroken" time="0.0">
    <skipped/>
  </testcase> <!-- tc_02_validateUrlIsNotBroken -->
  <testcase classname="Testcase.TS010_ChekOutPagefilling" name="tc_09_CheckOutPageFilling" time="0.0">
    <skipped/>
  </testcase> <!-- tc_09_CheckOutPageFilling -->
  <testcase classname="Testcase.TS009_SelAdditemShopByBrand" name="ts009_selAddItemShopByBrand" time="0.0">
    <skipped/>
  </testcase> <!-- ts009_selAddItemShopByBrand -->
  <testcase classname="Testcase.TS001_navigatingtoBB" name="tc_01_navgatingToBestBestApp" time="0.0">
    <skipped/>
  </testcase> <!-- tc_01_navgatingToBestBestApp -->
  <testcase classname="Testcase.TS006_SearchAdditeminCart" name="tc_06_SearchAddItemInCart" time="0.0">
    <skipped/>
  </testcase> <!-- tc_06_SearchAddItemInCart -->
  <testcase classname="Testcase.TS004_SignInFunction" name="tc_03_SignInFunctionality" time="0.0">
    <skipped/>
  </testcase> <!-- tc_03_SignInFunctionality -->
  <testcase classname="BaseBestBuy.BaseBB" name="@AfterSuite endReport" time="0.0">
    <ignored/>
  </testcase> <!-- @AfterSuite endReport -->
  <testcase classname="BaseBestBuy.BaseBB" name="@AfterSuite endReport" time="0.0">
    <ignored/>
  </testcase> <!-- @AfterSuite endReport -->
  <testcase classname="BaseBestBuy.BaseBB" name="@AfterSuite endReport" time="0.0">
    <ignored/>
  </testcase> <!-- @AfterSuite endReport -->
  <testcase classname="BaseBestBuy.BaseBB" name="@AfterSuite endReport" time="0.0">
    <ignored/>
  </testcase> <!-- @AfterSuite endReport -->
  <testcase classname="BaseBestBuy.BaseBB" name="@AfterSuite endReport" time="0.0">
    <ignored/>
  </testcase> <!-- @AfterSuite endReport -->
  <testcase classname="BaseBestBuy.BaseBB" name="@AfterSuite endReport" time="0.0">
    <ignored/>
  </testcase> <!-- @AfterSuite endReport -->
  <testcase classname="BaseBestBuy.BaseBB" name="@AfterSuite endReport" time="0.0">
    <ignored/>
  </testcase> <!-- @AfterSuite endReport -->
  <testcase classname="BaseBestBuy.BaseBB" name="@AfterSuite endReport" time="0.0">
    <ignored/>
  </testcase> <!-- @AfterSuite endReport -->
  <testcase classname="BaseBestBuy.BaseBB" name="@AfterSuite endReport" time="0.0">
    <ignored/>
  </testcase> <!-- @AfterSuite endReport -->
  <testcase classname="BaseBestBuy.BaseBB" name="@BeforeSuite testDetails" time="0.0">
    <ignored/>
  </testcase> <!-- @BeforeSuite testDetails -->
  <testcase classname="BaseBestBuy.BaseBB" name="@BeforeSuite testDetails" time="0.0">
    <ignored/>
  </testcase> <!-- @BeforeSuite testDetails -->
  <testcase classname="BaseBestBuy.BaseBB" name="@BeforeSuite testDetails" time="0.0">
    <ignored/>
  </testcase> <!-- @BeforeSuite testDetails -->
  <testcase classname="BaseBestBuy.BaseBB" name="@BeforeSuite testDetails" time="0.0">
    <ignored/>
  </testcase> <!-- @BeforeSuite testDetails -->
  <testcase classname="BaseBestBuy.BaseBB" name="@BeforeSuite testDetails" time="0.0">
    <ignored/>
  </testcase> <!-- @BeforeSuite testDetails -->
  <testcase classname="BaseBestBuy.BaseBB" name="@BeforeSuite testDetails" time="0.0">
    <ignored/>
  </testcase> <!-- @BeforeSuite testDetails -->
  <testcase classname="BaseBestBuy.BaseBB" name="@BeforeSuite testDetails" time="0.0">
    <ignored/>
  </testcase> <!-- @BeforeSuite testDetails -->
  <testcase classname="BaseBestBuy.BaseBB" name="@BeforeSuite testDetails" time="0.0">
    <ignored/>
  </testcase> <!-- @BeforeSuite testDetails -->
  <testcase classname="BaseBestBuy.BaseBB" name="@BeforeSuite testDetails" time="0.0">
    <ignored/>
  </testcase> <!-- @BeforeSuite testDetails -->
</testsuite> <!-- Test -->
